<?xml version="1.0" encoding="UTF-8"?>
<testsuite xmlns:xsi="http://www.w3.org/2001/XMLSchema-instance" xsi:noNamespaceSchemaLocation="https://maven.apache.org/surefire/maven-surefire-plugin/xsd/surefire-test-report.xsd" name="com.demo.vertxmain.MainVertxTest" time="1.798" tests="1" errors="0" skipped="0" failures="0">
  <properties>
    <property name="sun.desktop" value="windows"/>
    <property name="awt.toolkit" value="sun.awt.windows.WToolkit"/>
    <property name="file.encoding.pkg" value="sun.io"/>
    <property name="java.specification.version" value="1.8"/>
    <property name="sun.cpu.isalist" value="amd64"/>
    <property name="sun.jnu.encoding" value="GBK"/>
    <property name="java.class.path" value="E:\JavaSpace\kingreatwill\java_study\VertxDemo\target\test-classes;E:\JavaSpace\kingreatwill\java_study\VertxDemo\target\classes;C:\Users\Enter\.m2\repository\io\vertx\vertx-web-client\4.0.0-milestone2\vertx-web-client-4.0.0-milestone2.jar;C:\Users\Enter\.m2\repository\io\vertx\vertx-web-common\4.0.0-milestone2\vertx-web-common-4.0.0-milestone2.jar;C:\Users\Enter\.m2\repository\io\vertx\vertx-core\4.0.0-milestone2\vertx-core-4.0.0-milestone2.jar;C:\Users\Enter\.m2\repository\io\netty\netty-common\4.1.39.Final\netty-common-4.1.39.Final.jar;C:\Users\Enter\.m2\repository\io\netty\netty-buffer\4.1.39.Final\netty-buffer-4.1.39.Final.jar;C:\Users\Enter\.m2\repository\io\netty\netty-transport\4.1.39.Final\netty-transport-4.1.39.Final.jar;C:\Users\Enter\.m2\repository\io\netty\netty-handler\4.1.39.Final\netty-handler-4.1.39.Final.jar;C:\Users\Enter\.m2\repository\io\netty\netty-codec\4.1.39.Final\netty-codec-4.1.39.Final.jar;C:\Users\Enter\.m2\repository\io\netty\netty-handler-proxy\4.1.39.Final\netty-handler-proxy-4.1.39.Final.jar;C:\Users\Enter\.m2\repository\io\netty\netty-codec-socks\4.1.39.Final\netty-codec-socks-4.1.39.Final.jar;C:\Users\Enter\.m2\repository\io\netty\netty-codec-http\4.1.39.Final\netty-codec-http-4.1.39.Final.jar;C:\Users\Enter\.m2\repository\io\netty\netty-codec-http2\4.1.39.Final\netty-codec-http2-4.1.39.Final.jar;C:\Users\Enter\.m2\repository\io\netty\netty-resolver\4.1.39.Final\netty-resolver-4.1.39.Final.jar;C:\Users\Enter\.m2\repository\io\netty\netty-resolver-dns\4.1.39.Final\netty-resolver-dns-4.1.39.Final.jar;C:\Users\Enter\.m2\repository\io\netty\netty-codec-dns\4.1.39.Final\netty-codec-dns-4.1.39.Final.jar;C:\Users\Enter\.m2\repository\com\fasterxml\jackson\core\jackson-core\2.9.9\jackson-core-2.9.9.jar;C:\Users\Enter\.m2\repository\com\fasterxml\jackson\core\jackson-databind\2.9.9.1\jackson-databind-2.9.9.1.jar;C:\Users\Enter\.m2\repository\com\fasterxml\jackson\core\jackson-annotations\2.9.9\jackson-annotations-2.9.9.jar;C:\Users\Enter\.m2\repository\io\vertx\vertx-jdbc-client\4.0.0-milestone2\vertx-jdbc-client-4.0.0-milestone2.jar;C:\Users\Enter\.m2\repository\io\vertx\vertx-sql-common\4.0.0-milestone2\vertx-sql-common-4.0.0-milestone2.jar;C:\Users\Enter\.m2\repository\com\mchange\c3p0\0.9.5.4\c3p0-0.9.5.4.jar;C:\Users\Enter\.m2\repository\com\mchange\mchange-commons-java\0.2.15\mchange-commons-java-0.2.15.jar;C:\Users\Enter\.m2\repository\io\vertx\vertx-unit\4.0.0-milestone2\vertx-unit-4.0.0-milestone2.jar;C:\Users\Enter\.m2\repository\io\vertx\vertx-health-check\4.0.0-milestone2\vertx-health-check-4.0.0-milestone2.jar;C:\Users\Enter\.m2\repository\io\vertx\vertx-auth-common\4.0.0-milestone2\vertx-auth-common-4.0.0-milestone2.jar;C:\Users\Enter\.m2\repository\io\vertx\vertx-web\4.0.0-milestone2\vertx-web-4.0.0-milestone2.jar;C:\Users\Enter\.m2\repository\io\vertx\vertx-bridge-common\4.0.0-milestone2\vertx-bridge-common-4.0.0-milestone2.jar;C:\Users\Enter\.m2\repository\io\vertx\vertx-grpc\4.0.0-milestone2\vertx-grpc-4.0.0-milestone2.jar;C:\Users\Enter\.m2\repository\io\grpc\grpc-netty\1.20.0\grpc-netty-1.20.0.jar;C:\Users\Enter\.m2\repository\io\grpc\grpc-core\1.20.0\grpc-core-1.20.0.jar;C:\Users\Enter\.m2\repository\io\grpc\grpc-context\1.20.0\grpc-context-1.20.0.jar;C:\Users\Enter\.m2\repository\com\google\code\gson\gson\2.7\gson-2.7.jar;C:\Users\Enter\.m2\repository\com\google\errorprone\error_prone_annotations\2.3.2\error_prone_annotations-2.3.2.jar;C:\Users\Enter\.m2\repository\com\google\code\findbugs\jsr305\3.0.2\jsr305-3.0.2.jar;C:\Users\Enter\.m2\repository\com\google\android\annotations\4.1.1.4\annotations-4.1.1.4.jar;C:\Users\Enter\.m2\repository\org\codehaus\mojo\animal-sniffer-annotations\1.17\animal-sniffer-annotations-1.17.jar;C:\Users\Enter\.m2\repository\io\opencensus\opencensus-api\0.19.2\opencensus-api-0.19.2.jar;C:\Users\Enter\.m2\repository\io\opencensus\opencensus-contrib-grpc-metrics\0.19.2\opencensus-contrib-grpc-metrics-0.19.2.jar;C:\Users\Enter\.m2\repository\io\grpc\grpc-protobuf\1.20.0\grpc-protobuf-1.20.0.jar;C:\Users\Enter\.m2\repository\com\google\protobuf\protobuf-java\3.7.1\protobuf-java-3.7.1.jar;C:\Users\Enter\.m2\repository\com\google\api\grpc\proto-google-common-protos\1.12.0\proto-google-common-protos-1.12.0.jar;C:\Users\Enter\.m2\repository\io\grpc\grpc-protobuf-lite\1.20.0\grpc-protobuf-lite-1.20.0.jar;C:\Users\Enter\.m2\repository\io\grpc\grpc-stub\1.20.0\grpc-stub-1.20.0.jar;C:\Users\Enter\.m2\repository\com\google\guava\guava\20.0\guava-20.0.jar;C:\Users\Enter\.m2\repository\io\vertx\vertx-rabbitmq-client\4.0.0-milestone2\vertx-rabbitmq-client-4.0.0-milestone2.jar;C:\Users\Enter\.m2\repository\org\slf4j\slf4j-api\1.7.21\slf4j-api-1.7.21.jar;C:\Users\Enter\.m2\repository\com\rabbitmq\amqp-client\5.4.2\amqp-client-5.4.2.jar;C:\Users\Enter\.m2\repository\io\vertx\vertx-redis-client\4.0.0-milestone2\vertx-redis-client-4.0.0-milestone2.jar;C:\Users\Enter\.m2\repository\io\vertx\vertx-junit5\4.0.0-milestone2\vertx-junit5-4.0.0-milestone2.jar;C:\Users\Enter\.m2\repository\io\vertx\vertx-rx-java\4.0.0-milestone2\vertx-rx-java-4.0.0-milestone2.jar;C:\Users\Enter\.m2\repository\io\reactivex\rxjava\1.3.8\rxjava-1.3.8.jar;C:\Users\Enter\.m2\repository\io\vertx\vertx-rx-gen\4.0.0-milestone2\vertx-rx-gen-4.0.0-milestone2.jar;C:\Users\Enter\.m2\repository\io\vertx\vertx-codegen\4.0.0-milestone2\vertx-codegen-4.0.0-milestone2.jar;C:\Users\Enter\.m2\repository\org\mvel\mvel2\2.3.1.Final\mvel2-2.3.1.Final.jar;C:\Users\Enter\.m2\repository\io\vertx\vertx-rx-java2\4.0.0-milestone2\vertx-rx-java2-4.0.0-milestone2.jar;C:\Users\Enter\.m2\repository\io\reactivex\rxjava2\rxjava\2.2.4\rxjava-2.2.4.jar;C:\Users\Enter\.m2\repository\org\reactivestreams\reactive-streams\1.0.2\reactive-streams-1.0.2.jar;C:\Users\Enter\.m2\repository\org\junit\jupiter\junit-jupiter-api\5.4.0\junit-jupiter-api-5.4.0.jar;C:\Users\Enter\.m2\repository\org\apiguardian\apiguardian-api\1.0.0\apiguardian-api-1.0.0.jar;C:\Users\Enter\.m2\repository\org\opentest4j\opentest4j\1.1.1\opentest4j-1.1.1.jar;C:\Users\Enter\.m2\repository\org\junit\platform\junit-platform-commons\1.4.0\junit-platform-commons-1.4.0.jar;C:\Users\Enter\.m2\repository\org\junit\jupiter\junit-jupiter-engine\5.4.0\junit-jupiter-engine-5.4.0.jar;C:\Users\Enter\.m2\repository\org\junit\platform\junit-platform-engine\1.4.0\junit-platform-engine-1.4.0.jar;"/>
    <property name="java.vm.vendor" value="Oracle Corporation"/>
    <property name="sun.arch.data.model" value="64"/>
    <property name="user.variant" value=""/>
    <property name="java.vendor.url" value="http://java.oracle.com/"/>
    <property name="user.timezone" value="Asia/Shanghai"/>
    <property name="java.vm.specification.version" value="1.8"/>
    <property name="os.name" value="Windows 10"/>
    <property name="user.country" value="CN"/>
    <property name="sun.java.launcher" value="SUN_STANDARD"/>
    <property name="sun.boot.library.path" value="C:\Program Files\Java\jdk1.8.0_191\jre\bin"/>
    <property name="sun.java.command" value="C:\Users\Enter\AppData\Local\Temp\surefire3894774531441167699\surefirebooter2378301713780857810.jar C:\Users\Enter\AppData\Local\Temp\surefire3894774531441167699 2019-09-07T09-48-37_108-jvmRun1 surefire3814097078872837622tmp surefire_05833660768916700114tmp"/>
    <property name="surefire.test.class.path" value="E:\JavaSpace\kingreatwill\java_study\VertxDemo\target\test-classes;E:\JavaSpace\kingreatwill\java_study\VertxDemo\target\classes;C:\Users\Enter\.m2\repository\io\vertx\vertx-web-client\4.0.0-milestone2\vertx-web-client-4.0.0-milestone2.jar;C:\Users\Enter\.m2\repository\io\vertx\vertx-web-common\4.0.0-milestone2\vertx-web-common-4.0.0-milestone2.jar;C:\Users\Enter\.m2\repository\io\vertx\vertx-core\4.0.0-milestone2\vertx-core-4.0.0-milestone2.jar;C:\Users\Enter\.m2\repository\io\netty\netty-common\4.1.39.Final\netty-common-4.1.39.Final.jar;C:\Users\Enter\.m2\repository\io\netty\netty-buffer\4.1.39.Final\netty-buffer-4.1.39.Final.jar;C:\Users\Enter\.m2\repository\io\netty\netty-transport\4.1.39.Final\netty-transport-4.1.39.Final.jar;C:\Users\Enter\.m2\repository\io\netty\netty-handler\4.1.39.Final\netty-handler-4.1.39.Final.jar;C:\Users\Enter\.m2\repository\io\netty\netty-codec\4.1.39.Final\netty-codec-4.1.39.Final.jar;C:\Users\Enter\.m2\repository\io\netty\netty-handler-proxy\4.1.39.Final\netty-handler-proxy-4.1.39.Final.jar;C:\Users\Enter\.m2\repository\io\netty\netty-codec-socks\4.1.39.Final\netty-codec-socks-4.1.39.Final.jar;C:\Users\Enter\.m2\repository\io\netty\netty-codec-http\4.1.39.Final\netty-codec-http-4.1.39.Final.jar;C:\Users\Enter\.m2\repository\io\netty\netty-codec-http2\4.1.39.Final\netty-codec-http2-4.1.39.Final.jar;C:\Users\Enter\.m2\repository\io\netty\netty-resolver\4.1.39.Final\netty-resolver-4.1.39.Final.jar;C:\Users\Enter\.m2\repository\io\netty\netty-resolver-dns\4.1.39.Final\netty-resolver-dns-4.1.39.Final.jar;C:\Users\Enter\.m2\repository\io\netty\netty-codec-dns\4.1.39.Final\netty-codec-dns-4.1.39.Final.jar;C:\Users\Enter\.m2\repository\com\fasterxml\jackson\core\jackson-core\2.9.9\jackson-core-2.9.9.jar;C:\Users\Enter\.m2\repository\com\fasterxml\jackson\core\jackson-databind\2.9.9.1\jackson-databind-2.9.9.1.jar;C:\Users\Enter\.m2\repository\com\fasterxml\jackson\core\jackson-annotations\2.9.9\jackson-annotations-2.9.9.jar;C:\Users\Enter\.m2\repository\io\vertx\vertx-jdbc-client\4.0.0-milestone2\vertx-jdbc-client-4.0.0-milestone2.jar;C:\Users\Enter\.m2\repository\io\vertx\vertx-sql-common\4.0.0-milestone2\vertx-sql-common-4.0.0-milestone2.jar;C:\Users\Enter\.m2\repository\com\mchange\c3p0\0.9.5.4\c3p0-0.9.5.4.jar;C:\Users\Enter\.m2\repository\com\mchange\mchange-commons-java\0.2.15\mchange-commons-java-0.2.15.jar;C:\Users\Enter\.m2\repository\io\vertx\vertx-unit\4.0.0-milestone2\vertx-unit-4.0.0-milestone2.jar;C:\Users\Enter\.m2\repository\io\vertx\vertx-health-check\4.0.0-milestone2\vertx-health-check-4.0.0-milestone2.jar;C:\Users\Enter\.m2\repository\io\vertx\vertx-auth-common\4.0.0-milestone2\vertx-auth-common-4.0.0-milestone2.jar;C:\Users\Enter\.m2\repository\io\vertx\vertx-web\4.0.0-milestone2\vertx-web-4.0.0-milestone2.jar;C:\Users\Enter\.m2\repository\io\vertx\vertx-bridge-common\4.0.0-milestone2\vertx-bridge-common-4.0.0-milestone2.jar;C:\Users\Enter\.m2\repository\io\vertx\vertx-grpc\4.0.0-milestone2\vertx-grpc-4.0.0-milestone2.jar;C:\Users\Enter\.m2\repository\io\grpc\grpc-netty\1.20.0\grpc-netty-1.20.0.jar;C:\Users\Enter\.m2\repository\io\grpc\grpc-core\1.20.0\grpc-core-1.20.0.jar;C:\Users\Enter\.m2\repository\io\grpc\grpc-context\1.20.0\grpc-context-1.20.0.jar;C:\Users\Enter\.m2\repository\com\google\code\gson\gson\2.7\gson-2.7.jar;C:\Users\Enter\.m2\repository\com\google\errorprone\error_prone_annotations\2.3.2\error_prone_annotations-2.3.2.jar;C:\Users\Enter\.m2\repository\com\google\code\findbugs\jsr305\3.0.2\jsr305-3.0.2.jar;C:\Users\Enter\.m2\repository\com\google\android\annotations\4.1.1.4\annotations-4.1.1.4.jar;C:\Users\Enter\.m2\repository\org\codehaus\mojo\animal-sniffer-annotations\1.17\animal-sniffer-annotations-1.17.jar;C:\Users\Enter\.m2\repository\io\opencensus\opencensus-api\0.19.2\opencensus-api-0.19.2.jar;C:\Users\Enter\.m2\repository\io\opencensus\opencensus-contrib-grpc-metrics\0.19.2\opencensus-contrib-grpc-metrics-0.19.2.jar;C:\Users\Enter\.m2\repository\io\grpc\grpc-protobuf\1.20.0\grpc-protobuf-1.20.0.jar;C:\Users\Enter\.m2\repository\com\google\protobuf\protobuf-java\3.7.1\protobuf-java-3.7.1.jar;C:\Users\Enter\.m2\repository\com\google\api\grpc\proto-google-common-protos\1.12.0\proto-google-common-protos-1.12.0.jar;C:\Users\Enter\.m2\repository\io\grpc\grpc-protobuf-lite\1.20.0\grpc-protobuf-lite-1.20.0.jar;C:\Users\Enter\.m2\repository\io\grpc\grpc-stub\1.20.0\grpc-stub-1.20.0.jar;C:\Users\Enter\.m2\repository\com\google\guava\guava\20.0\guava-20.0.jar;C:\Users\Enter\.m2\repository\io\vertx\vertx-rabbitmq-client\4.0.0-milestone2\vertx-rabbitmq-client-4.0.0-milestone2.jar;C:\Users\Enter\.m2\repository\org\slf4j\slf4j-api\1.7.21\slf4j-api-1.7.21.jar;C:\Users\Enter\.m2\repository\com\rabbitmq\amqp-client\5.4.2\amqp-client-5.4.2.jar;C:\Users\Enter\.m2\repository\io\vertx\vertx-redis-client\4.0.0-milestone2\vertx-redis-client-4.0.0-milestone2.jar;C:\Users\Enter\.m2\repository\io\vertx\vertx-junit5\4.0.0-milestone2\vertx-junit5-4.0.0-milestone2.jar;C:\Users\Enter\.m2\repository\io\vertx\vertx-rx-java\4.0.0-milestone2\vertx-rx-java-4.0.0-milestone2.jar;C:\Users\Enter\.m2\repository\io\reactivex\rxjava\1.3.8\rxjava-1.3.8.jar;C:\Users\Enter\.m2\repository\io\vertx\vertx-rx-gen\4.0.0-milestone2\vertx-rx-gen-4.0.0-milestone2.jar;C:\Users\Enter\.m2\repository\io\vertx\vertx-codegen\4.0.0-milestone2\vertx-codegen-4.0.0-milestone2.jar;C:\Users\Enter\.m2\repository\org\mvel\mvel2\2.3.1.Final\mvel2-2.3.1.Final.jar;C:\Users\Enter\.m2\repository\io\vertx\vertx-rx-java2\4.0.0-milestone2\vertx-rx-java2-4.0.0-milestone2.jar;C:\Users\Enter\.m2\repository\io\reactivex\rxjava2\rxjava\2.2.4\rxjava-2.2.4.jar;C:\Users\Enter\.m2\repository\org\reactivestreams\reactive-streams\1.0.2\reactive-streams-1.0.2.jar;C:\Users\Enter\.m2\repository\org\junit\jupiter\junit-jupiter-api\5.4.0\junit-jupiter-api-5.4.0.jar;C:\Users\Enter\.m2\repository\org\apiguardian\apiguardian-api\1.0.0\apiguardian-api-1.0.0.jar;C:\Users\Enter\.m2\repository\org\opentest4j\opentest4j\1.1.1\opentest4j-1.1.1.jar;C:\Users\Enter\.m2\repository\org\junit\platform\junit-platform-commons\1.4.0\junit-platform-commons-1.4.0.jar;C:\Users\Enter\.m2\repository\org\junit\jupiter\junit-jupiter-engine\5.4.0\junit-jupiter-engine-5.4.0.jar;C:\Users\Enter\.m2\repository\org\junit\platform\junit-platform-engine\1.4.0\junit-platform-engine-1.4.0.jar;"/>
    <property name="sun.cpu.endian" value="little"/>
    <property name="user.home" value="C:\Users\Enter"/>
    <property name="user.language" value="zh"/>
    <property name="java.specification.vendor" value="Oracle Corporation"/>
    <property name="idea.version2019.2.1" value="true"/>
    <property name="java.home" value="C:\Program Files\Java\jdk1.8.0_191\jre"/>
    <property name="basedir" value="E:\JavaSpace\kingreatwill\java_study\VertxDemo"/>
    <property name="file.separator" value="\"/>
    <property name="line.separator" value="&#10;"/>
    <property name="java.vm.specification.vendor" value="Oracle Corporation"/>
    <property name="java.specification.name" value="Java Platform API Specification"/>
    <property name="java.awt.graphicsenv" value="sun.awt.Win32GraphicsEnvironment"/>
    <property name="surefire.real.class.path" value="C:\Users\Enter\AppData\Local\Temp\surefire3894774531441167699\surefirebooter2378301713780857810.jar"/>
    <property name="sun.boot.class.path" value="C:\Program Files\Java\jdk1.8.0_191\jre\lib\resources.jar;C:\Program Files\Java\jdk1.8.0_191\jre\lib\rt.jar;C:\Program Files\Java\jdk1.8.0_191\jre\lib\sunrsasign.jar;C:\Program Files\Java\jdk1.8.0_191\jre\lib\jsse.jar;C:\Program Files\Java\jdk1.8.0_191\jre\lib\jce.jar;C:\Program Files\Java\jdk1.8.0_191\jre\lib\charsets.jar;C:\Program Files\Java\jdk1.8.0_191\jre\lib\jfr.jar;C:\Program Files\Java\jdk1.8.0_191\jre\classes"/>
    <property name="user.script" value=""/>
    <property name="sun.management.compiler" value="HotSpot 64-Bit Tiered Compilers"/>
    <property name="java.runtime.version" value="1.8.0_191-b12"/>
    <property name="user.name" value="Enter"/>
    <property name="path.separator" value=";"/>
    <property name="os.version" value="10.0"/>
    <property name="java.endorsed.dirs" value="C:\Program Files\Java\jdk1.8.0_191\jre\lib\endorsed"/>
    <property name="java.runtime.name" value="Java(TM) SE Runtime Environment"/>
    <property name="file.encoding" value="GBK"/>
    <property name="java.vm.name" value="Java HotSpot(TM) 64-Bit Server VM"/>
    <property name="localRepository" value="C:\Users\Enter\.m2\repository"/>
    <property name="java.vendor.url.bug" value="http://bugreport.sun.com/bugreport/"/>
    <property name="java.io.tmpdir" value="C:\Users\Enter\AppData\Local\Temp\"/>
    <property name="java.version" value="1.8.0_191"/>
    <property name="user.dir" value="E:\JavaSpace\kingreatwill\java_study\VertxDemo"/>
    <property name="os.arch" value="amd64"/>
    <property name="java.vm.specification.name" value="Java Virtual Machine Specification"/>
    <property name="java.awt.printerjob" value="sun.awt.windows.WPrinterJob"/>
    <property name="sun.os.patch.level" value=""/>
    <property name="java.library.path" value="C:\Program Files\Java\jdk1.8.0_191\jre\bin;C:\WINDOWS\Sun\Java\bin;C:\WINDOWS\system32;C:\WINDOWS;C:\Program Files\Java\jdk1.8.0_191\bin;C:\Program Files\Java\apache-maven-3.6.0\bin;C:\Program Files\Java\gradle-5.6\bin;C:\Program Files\Microsoft SQL Server\110\Tools\Binn;C:\Program Files\Docker\Docker\Resources\bin;C:\Program Files\Microsoft MPI\Bin\;C:\Windows\system32;C:\Windows;C:\Windows\System32\Wbem;C:\Windows\System32\WindowsPowerShell\v1.0\;C:\Program Files\dotnet\;D:\Program Files\TortoiseSVN\bin;C:\Program Files\Microsoft SQL Server\130\Tools\Binn\;C:\Program Files (x86)\Microsoft SQL Server\140\Tools\Binn\;C:\Program Files\Microsoft SQL Server\140\Tools\Binn\;C:\Program Files (x86)\Microsoft SQL Server\140\DTS\Binn\;C:\Program Files\Microsoft SQL Server\140\DTS\Binn\;C:\Program Files\Microsoft SQL Server\Client SDK\ODBC\130\Tools\Binn\;C:\Program Files (x86)\Microsoft SQL Server\Client SDK\ODBC\130\Tools\Binn\;C:\Program Files (x86)\Microsoft SQL Server\140\Tools\Binn\ManagementStudio\;D:\Program Files\TortoiseSVN\Apache-Subversion-1.9.7\bin;D:\Program Files\Git\cmd;D:\Program Files\Git\mingw64\bin;D:\Program Files\Git\usr\bin;C:\ProgramData\chocolatey\bin;D:\Program Files\nodejs\;D:\Softs\phantomjs-2.1.1-windows\bin;C:\Program Files\Microsoft\Web Platform Installer\;C:\Program Files\Microsoft Service Fabric\bin\Fabric\Fabric.Code;C:\Program Files\Microsoft SDKs\Service Fabric\Tools\ServiceFabricLocalClusterManager;C:\Users\Enter\AppData\Local\Microsoft\WindowsApps;C:\Users\Enter\AppData\Roaming\npm;D:\Programs\Fiddler;E:\GoProjects\bin;C:\WINDOWS\system32;C:\WINDOWS;C:\WINDOWS\System32\Wbem;C:\WINDOWS\System32\WindowsPowerShell\v1.0\;C:\WINDOWS\System32\OpenSSH\;C:\MinGW\bin;D:\kubernetes;D:\Program Files\Dart\dart-sdk\bin;C:\src\flutter\bin;C:\Users\Enter\AppData\Roaming\Pub\Cache\bin;C:\TDM-GCC-64\bin;C:\Program Files\CMake\bin;C:\Program Files\Azure Data Studio\bin;C:\Program Files (x86)\NVIDIA Corporation\PhysX\Common;C:\Program Files\NVIDIA Corporation\NVIDIA NvDLISR;C:\WINDOWS\system32;C:\WINDOWS;C:\WINDOWS\System32\Wbem;C:\WINDOWS\System32\WindowsPowerShell\v1.0\;C:\WINDOWS\System32\OpenSSH\;C:\Go\bin;C:\Users\Enter\.cargo\bin;C:\Users\Enter\AppData\Local\Microsoft\WindowsApps;C:\Users\Enter\AppData\Roaming\npm;D:\Programs\Fiddler;E:\GoProjects\bin;C:\Users\Enter\.dotnet\tools;C:\Users\Enter\AppData\Local\GitHubDesktop\bin;C:\Program Files\Microsoft SQL Server\140\PYTHON_SERVER;D:\Microsoft VS Code\bin;E:\Bin;C:\Program Files\Azure Data Studio\bin;D:\mysql-5.7.24-winx64\bin;C:\Users\Enter\AppData\Local\Microsoft\WindowsApps;E:\研发人员项目文件\Queen-SVN\Queen-Assembly-Path\bin;D:\Program Files (x86)\Graphviz2.38\bin;C:\Users\Enter\go\bin;."/>
    <property name="java.vm.info" value="mixed mode"/>
    <property name="java.vendor" value="Oracle Corporation"/>
    <property name="java.vm.version" value="25.191-b12"/>
    <property name="java.ext.dirs" value="C:\Program Files\Java\jdk1.8.0_191\jre\lib\ext;C:\WINDOWS\Sun\Java\lib\ext"/>
    <property name="sun.io.unicode.encoding" value="UnicodeLittle"/>
    <property name="java.class.version" value="52.0"/>
  </properties>
  <testcase name="verticle_deployed{Vertx, VertxTestContext}" classname="com.demo.vertxmain.MainVertxTest" time="1.795"/>
</testsuite>